Reading netlist file: "G:\Nano_9K_HDMI\impl\gwsynthesis\Nano_9K_HDMI.vg"
Parsing netlist file "G:\Nano_9K_HDMI\impl\gwsynthesis\Nano_9K_HDMI.vg" completed
Processing netlist completed
Reading constraint file: "G:\Nano_9K_HDMI\src\Nano_9K_HDMI.cst"
Physical Constraint parsed completed
Running placement......
[10%] Placement Phase 0 completed
[20%] Placement Phase 1 completed
[30%] Placement Phase 2 completed
[50%] Placement Phase 3 completed
Running routing......
[60%] Routing Phase 0 completed
[70%] Routing Phase 1 completed
[80%] Routing Phase 2 completed
[90%] Routing Phase 3 completed
Running timing analysis......
[95%] Timing analysis completed
Placement and routing completed
Bitstream generation in progress......
Bitstream generation completed
Running power analysis......
[100%] Power analysis completed
Generate file "G:\Nano_9K_HDMI\impl\pnr\Nano_9K_HDMI.power.html" completed
Generate file "G:\Nano_9K_HDMI\impl\pnr\Nano_9K_HDMI.pin.html" completed
Generate file "G:\Nano_9K_HDMI\impl\pnr\Nano_9K_HDMI.rpt.html" completed
Generate file "G:\Nano_9K_HDMI\impl\pnr\Nano_9K_HDMI.rpt.txt" completed
Generate file "G:\Nano_9K_HDMI\impl\pnr\Nano_9K_HDMI.tr.html" completed
Thu Mar 09 21:51:01 2023

